0 info it worked if it ends with ok
1 verbose cli [ 'node',
1 verbose cli   '/usr/local/bin/npm',
1 verbose cli   'install',
1 verbose cli   '-g',
1 verbose cli   'coffee-script#1.8.0' ]
2 info using npm@2.11.1
3 info using node@v0.12.2
4 verbose install initial load of /usr/local/lib/package.json
5 verbose readDependencies loading dependencies from /usr/local/lib/package.json
6 silly cache add args [ 'coffee-script#1.8.0', null ]
7 verbose cache add spec coffee-script#1.8.0
8 silly cache add parsed spec { raw: 'coffee-script#1.8.0',
8 silly cache add   scope: null,
8 silly cache add   name: null,
8 silly cache add   rawSpec: 'coffee-script#1.8.0',
8 silly cache add   spec: '/Users/ifours/Projects/yaml.js/coffee-script#1.8.0',
8 silly cache add   type: 'local' }
9 error addLocal Could not install /Users/ifours/Projects/yaml.js/coffee-script#1.8.0
10 verbose stack Error: ENOENT, open '/Users/ifours/Projects/yaml.js/coffee-script#1.8.0'
10 verbose stack     at Error (native)
11 verbose cwd /Users/ifours/Projects/yaml.js
12 error Darwin 14.4.0
13 error argv "node" "/usr/local/bin/npm" "install" "-g" "coffee-script#1.8.0"
14 error node v0.12.2
15 error npm  v2.11.1
16 error path /Users/ifours/Projects/yaml.js/coffee-script#1.8.0
17 error code ENOENT
18 error errno -2
19 error enoent ENOENT, open '/Users/ifours/Projects/yaml.js/coffee-script#1.8.0'
19 error enoent This is most likely not a problem with npm itself
19 error enoent and is related to npm not being able to find a file.
20 verbose exit [ -2, true ]
